<?xml version="1.0" encoding="UTF-8"?>
<!-- Generated by org.testng.reporters.JUnitReportReporter -->
<testsuite hostname="UADULLAPF17U615" failures="0" tests="3" name="Framework.MavenProject.BaseTest" time="27.122" errors="0" timestamp="2020-03-10T00:15:24 IST" skipped="0">
  <testcase classname="Framework.MavenProject.BaseTest" name="login" time="5.455"/>
  <system-out/>
  <testcase classname="Framework.MavenProject.BaseTest" name="validateHomePageTitle" time="0.007"/>
  <system-out/>
  <testcase classname="Framework.MavenProject.BaseTest" name="launchURL" time="21.660"/>
  <system-out/>
</testsuite> <!-- Framework.MavenProject.BaseTest -->
