<?xml version="1.0" encoding="UTF-8"?>
<!-- Generated by org.testng.reporters.JUnitReportReporter -->
<testsuite hostname="UADULLAPF17U615" failures="0" tests="4" name="Framework.MavenProject.BaseTest" time="23.019" errors="0" timestamp="2020-03-13T18:54:23 IST" skipped="1">
  <testcase classname="Framework.MavenProject.BaseTest" name="validateHomePageTitle" time="0.232"/>
  <system-out/>
  <testcase classname="Framework.MavenProject.BaseTest" name="launchURL" time="14.241"/>
  <system-out/>
  <testcase classname="Framework.MavenProject.BaseTest" name="login" time="8.546"/>
  <system-out/>
  <testcase classname="Framework.MavenProject.BaseTest" name="loginUsers">
    <skipped/>
  </testcase> <!-- loginUsers -->
  <system-out/>
</testsuite> <!-- Framework.MavenProject.BaseTest -->
