<?xml version="1.0" encoding="UTF-8"?>
<!-- Generated by org.testng.reporters.JUnitReportReporter -->
<testsuite hostname="UADULLAPF17U615" failures="0" tests="4" name="tests.BaseTest" time="76.283" errors="0" timestamp="2020-03-15T09:05:12 IST" skipped="1">
  <testcase classname="tests.BaseTest" name="launchURL" time="69.189"/>
  <system-out/>
  <testcase classname="tests.BaseTest" name="validateHomePageTitle" time="0.048"/>
  <system-out/>
  <testcase classname="tests.BaseTest" name="login" time="7.046"/>
  <system-out/>
  <testcase classname="tests.BaseTest" name="loginUsers">
    <skipped/>
  </testcase> <!-- loginUsers -->
  <system-out/>
</testsuite> <!-- tests.BaseTest -->
