<?xml version="1.0" encoding="UTF-8"?>
<!-- Generated by org.testng.reporters.JUnitReportReporter -->
<testsuite hostname="UADULLAPF17U615" failures="0" tests="4" name="tests.BaseTest" time="23.290" errors="0" timestamp="2020-03-15T23:54:11 IST" skipped="1">
  <testcase classname="tests.BaseTest" name="launchURL" time="16.047"/>
  <system-out/>
  <testcase classname="tests.BaseTest" name="login" time="7.229"/>
  <system-out/>
  <testcase classname="tests.BaseTest" name="validateHomePageTitle" time="0.014"/>
  <system-out/>
  <testcase classname="tests.BaseTest" name="loginUsers">
    <skipped/>
  </testcase> <!-- loginUsers -->
  <system-out/>
</testsuite> <!-- tests.BaseTest -->
