<?xml version="1.0" encoding="UTF-8"?>
<!-- Generated by org.testng.reporters.JUnitReportReporter -->
<testsuite hostname="UADULLAPF17U615" failures="0" tests="3" name="Framework.MavenProject.BaseTest" time="21.565" errors="0" timestamp="2020-03-09T21:55:58 IST" skipped="0">
  <testcase classname="Framework.MavenProject.BaseTest" name="validateHomePageTitle" time="0.010"/>
  <system-out/>
  <testcase classname="Framework.MavenProject.BaseTest" name="launchURL" time="15.014"/>
  <system-out/>
  <testcase classname="Framework.MavenProject.BaseTest" name="login" time="6.541"/>
  <system-out/>
</testsuite> <!-- Framework.MavenProject.BaseTest -->
