<?xml version="1.0" encoding="UTF-8"?>
<!-- Generated by org.testng.reporters.JUnitReportReporter -->
<testsuite hostname="UADULLAPF17U615" failures="0" tests="3" name="Framework.MavenProject.BaseTest" time="24.736" errors="0" timestamp="2020-03-09T22:39:49 IST" skipped="0">
  <testcase classname="Framework.MavenProject.BaseTest" name="validateHomePageTitle" time="0.005"/>
  <system-out/>
  <testcase classname="Framework.MavenProject.BaseTest" name="launchURL" time="14.229"/>
  <system-out/>
  <testcase classname="Framework.MavenProject.BaseTest" name="login" time="10.502"/>
  <system-out/>
</testsuite> <!-- Framework.MavenProject.BaseTest -->
